f:\aie year 2\term 1\computer graphics\assessment 1\latest\almost done\real-time 3d opengl application\temp\3dopengl application\x64\debug\vc143.pdb
f:\aie year 2\term 1\computer graphics\assessment 1\latest\almost done\real-time 3d opengl application\temp\3dopengl application\x64\debug\vc143.idb
f:\aie year 2\term 1\computer graphics\assessment 1\latest\almost done\real-time 3d opengl application\temp\3dopengl application\x64\debug\glad.obj
f:\aie year 2\term 1\computer graphics\assessment 1\latest\almost done\real-time 3d opengl application\temp\3dopengl application\x64\debug\texture.obj
f:\aie year 2\term 1\computer graphics\assessment 1\latest\almost done\real-time 3d opengl application\temp\3dopengl application\x64\debug\shader.obj
f:\aie year 2\term 1\computer graphics\assessment 1\latest\almost done\real-time 3d opengl application\temp\3dopengl application\x64\debug\mesh.obj
f:\aie year 2\term 1\computer graphics\assessment 1\latest\almost done\real-time 3d opengl application\temp\3dopengl application\x64\debug\main.obj
f:\aie year 2\term 1\computer graphics\assessment 1\latest\almost done\real-time 3d opengl application\temp\3dopengl application\x64\debug\camera.obj
f:\aie year 2\term 1\computer graphics\assessment 1\latest\almost done\real-time 3d opengl application\temp\3dopengl application\x64\debug\application3d.obj
f:\aie year 2\term 1\computer graphics\assessment 1\latest\almost done\real-time 3d opengl application\temp\3dopengl application\x64\debug\imgui_glfw3.obj
f:\aie year 2\term 1\computer graphics\assessment 1\latest\almost done\real-time 3d opengl application\temp\3dopengl application\x64\debug\imgui_draw.obj
f:\aie year 2\term 1\computer graphics\assessment 1\latest\almost done\real-time 3d opengl application\temp\3dopengl application\x64\debug\imgui.obj
f:\aie year 2\term 1\computer graphics\assessment 1\latest\almost done\real-time 3d opengl application\x64\3dopengl application.exe
f:\aie year 2\term 1\computer graphics\assessment 1\latest\almost done\real-time 3d opengl application\x64\3dopengl application.pdb
f:\aie year 2\term 1\computer graphics\assessment 1\latest\almost done\real-time 3d opengl application\temp\3dopengl application\x64\debug\3dopengl application.ilk
f:\aie year 2\term 1\computer graphics\assessment 1\latest\almost done\real-time 3d opengl application\temp\3dopengl application\x64\debug\project3d.vcxproj.filelistabsolute.txt
f:\aie year 2\term 1\computer graphics\assessment 1\latest\almost done\real-time 3d opengl application\temp\3dopengl application\x64\debug\3dopengl.ea21c4df.tlog\cl.command.1.tlog
f:\aie year 2\term 1\computer graphics\assessment 1\latest\almost done\real-time 3d opengl application\temp\3dopengl application\x64\debug\3dopengl.ea21c4df.tlog\cl.items.tlog
f:\aie year 2\term 1\computer graphics\assessment 1\latest\almost done\real-time 3d opengl application\temp\3dopengl application\x64\debug\3dopengl.ea21c4df.tlog\cl.read.1.tlog
f:\aie year 2\term 1\computer graphics\assessment 1\latest\almost done\real-time 3d opengl application\temp\3dopengl application\x64\debug\3dopengl.ea21c4df.tlog\cl.write.1.tlog
f:\aie year 2\term 1\computer graphics\assessment 1\latest\almost done\real-time 3d opengl application\temp\3dopengl application\x64\debug\3dopengl.ea21c4df.tlog\link.command.1.tlog
f:\aie year 2\term 1\computer graphics\assessment 1\latest\almost done\real-time 3d opengl application\temp\3dopengl application\x64\debug\3dopengl.ea21c4df.tlog\link.read.1.tlog
f:\aie year 2\term 1\computer graphics\assessment 1\latest\almost done\real-time 3d opengl application\temp\3dopengl application\x64\debug\3dopengl.ea21c4df.tlog\link.secondary.1.tlog
f:\aie year 2\term 1\computer graphics\assessment 1\latest\almost done\real-time 3d opengl application\temp\3dopengl application\x64\debug\3dopengl.ea21c4df.tlog\link.write.1.tlog
